<?xml version="1.0" encoding="UTF-8"?>
<testsuite xmlns:xsi="http://www.w3.org/2001/XMLSchema-instance" xsi:noNamespaceSchemaLocation="https://maven.apache.org/surefire/maven-surefire-plugin/xsd/surefire-test-report-3.0.xsd" version="3.0" name="TestSuite" time="15.67" tests="8" errors="0" skipped="0" failures="0">
  <properties>
    <property name="awt.toolkit" value="sun.awt.X11.XToolkit"/>
    <property name="file.encoding.pkg" value="sun.io"/>
    <property name="java.specification.version" value="1.8"/>
    <property name="webdriver.chrome.driver" value="/home/mahanthi/.cache/selenium/chromedriver/linux64/91.0.4472.101/chromedriver"/>
    <property name="sun.cpu.isalist" value=""/>
    <property name="sun.jnu.encoding" value="UTF-8"/>
    <property name="java.class.path" value="/home/mahanthi/Developer/java/selenium/training/PmFramework/target/test-classes:/home/mahanthi/Developer/java/selenium/training/PmFramework/target/classes:/home/mahanthi/.m2/repository/org/seleniumhq/selenium/selenium-java/3.141.59/selenium-java-3.141.59.jar:/home/mahanthi/.m2/repository/org/seleniumhq/selenium/selenium-api/3.141.59/selenium-api-3.141.59.jar:/home/mahanthi/.m2/repository/org/seleniumhq/selenium/selenium-chrome-driver/3.141.59/selenium-chrome-driver-3.141.59.jar:/home/mahanthi/.m2/repository/org/seleniumhq/selenium/selenium-edge-driver/3.141.59/selenium-edge-driver-3.141.59.jar:/home/mahanthi/.m2/repository/org/seleniumhq/selenium/selenium-firefox-driver/3.141.59/selenium-firefox-driver-3.141.59.jar:/home/mahanthi/.m2/repository/org/seleniumhq/selenium/selenium-ie-driver/3.141.59/selenium-ie-driver-3.141.59.jar:/home/mahanthi/.m2/repository/org/seleniumhq/selenium/selenium-opera-driver/3.141.59/selenium-opera-driver-3.141.59.jar:/home/mahanthi/.m2/repository/org/seleniumhq/selenium/selenium-remote-driver/3.141.59/selenium-remote-driver-3.141.59.jar:/home/mahanthi/.m2/repository/org/seleniumhq/selenium/selenium-safari-driver/3.141.59/selenium-safari-driver-3.141.59.jar:/home/mahanthi/.m2/repository/org/seleniumhq/selenium/selenium-support/3.141.59/selenium-support-3.141.59.jar:/home/mahanthi/.m2/repository/net/bytebuddy/byte-buddy/1.8.15/byte-buddy-1.8.15.jar:/home/mahanthi/.m2/repository/org/apache/commons/commons-exec/1.3/commons-exec-1.3.jar:/home/mahanthi/.m2/repository/com/google/guava/guava/25.0-jre/guava-25.0-jre.jar:/home/mahanthi/.m2/repository/com/google/code/findbugs/jsr305/1.3.9/jsr305-1.3.9.jar:/home/mahanthi/.m2/repository/org/checkerframework/checker-compat-qual/2.0.0/checker-compat-qual-2.0.0.jar:/home/mahanthi/.m2/repository/com/google/errorprone/error_prone_annotations/2.1.3/error_prone_annotations-2.1.3.jar:/home/mahanthi/.m2/repository/com/google/j2objc/j2objc-annotations/1.1/j2objc-annotations-1.1.jar:/home/mahanthi/.m2/repository/org/codehaus/mojo/animal-sniffer-annotations/1.14/animal-sniffer-annotations-1.14.jar:/home/mahanthi/.m2/repository/com/squareup/okhttp3/okhttp/3.11.0/okhttp-3.11.0.jar:/home/mahanthi/.m2/repository/com/squareup/okio/okio/1.14.0/okio-1.14.0.jar:/home/mahanthi/.m2/repository/io/github/bonigarcia/webdrivermanager/4.4.3/webdrivermanager-4.4.3.jar:/home/mahanthi/.m2/repository/org/slf4j/slf4j-api/1.7.30/slf4j-api-1.7.30.jar:/home/mahanthi/.m2/repository/commons-io/commons-io/2.8.0/commons-io-2.8.0.jar:/home/mahanthi/.m2/repository/com/google/code/gson/gson/2.8.6/gson-2.8.6.jar:/home/mahanthi/.m2/repository/org/apache/commons/commons-lang3/3.12.0/commons-lang3-3.12.0.jar:/home/mahanthi/.m2/repository/org/apache/httpcomponents/client5/httpclient5/5.0.3/httpclient5-5.0.3.jar:/home/mahanthi/.m2/repository/org/apache/httpcomponents/core5/httpcore5/5.0.2/httpcore5-5.0.2.jar:/home/mahanthi/.m2/repository/org/apache/httpcomponents/core5/httpcore5-h2/5.0.2/httpcore5-h2-5.0.2.jar:/home/mahanthi/.m2/repository/commons-codec/commons-codec/1.13/commons-codec-1.13.jar:/home/mahanthi/.m2/repository/org/rauschig/jarchivelib/1.1.0/jarchivelib-1.1.0.jar:/home/mahanthi/.m2/repository/org/apache/commons/commons-compress/1.20/commons-compress-1.20.jar:/home/mahanthi/.m2/repository/org/jsoup/jsoup/1.13.1/jsoup-1.13.1.jar:/home/mahanthi/.m2/repository/org/testng/testng/6.14.3/testng-6.14.3.jar:/home/mahanthi/.m2/repository/com/beust/jcommander/1.72/jcommander-1.72.jar:/home/mahanthi/.m2/repository/org/apache-extras/beanshell/bsh/2.0b6/bsh-2.0b6.jar:/home/mahanthi/.m2/repository/org/apache/poi/poi-ooxml/3.9/poi-ooxml-3.9.jar:/home/mahanthi/.m2/repository/org/apache/poi/poi/3.9/poi-3.9.jar:/home/mahanthi/.m2/repository/dom4j/dom4j/1.6.1/dom4j-1.6.1.jar:/home/mahanthi/.m2/repository/xml-apis/xml-apis/1.0.b2/xml-apis-1.0.b2.jar:/home/mahanthi/.m2/repository/org/apache/poi/poi-ooxml-schemas/3.9/poi-ooxml-schemas-3.9.jar:/home/mahanthi/.m2/repository/org/apache/xmlbeans/xmlbeans/2.3.0/xmlbeans-2.3.0.jar:/home/mahanthi/.m2/repository/stax/stax-api/1.0.1/stax-api-1.0.1.jar:/home/mahanthi/.m2/repository/org/apache/poi/poi-scratchpad/3.9/poi-scratchpad-3.9.jar:/home/mahanthi/.m2/repository/org/apache/poi/ooxml-schemas/1.1/ooxml-schemas-1.1.jar:/home/mahanthi/.m2/repository/org/apache/poi/openxml4j/1.0-beta/openxml4j-1.0-beta.jar:/home/mahanthi/.m2/repository/log4j/log4j/1.2.8/log4j-1.2.8.jar:/home/mahanthi/.m2/repository/com/aventstack/extentreports/3.1.5/extentreports-3.1.5.jar:/home/mahanthi/.m2/repository/org/freemarker/freemarker/2.3.23/freemarker-2.3.23.jar:/home/mahanthi/.m2/repository/org/mongodb/mongodb-driver/3.3.0/mongodb-driver-3.3.0.jar:/home/mahanthi/.m2/repository/org/mongodb/bson/3.3.0/bson-3.3.0.jar:/home/mahanthi/.m2/repository/org/mongodb/mongodb-driver-core/3.3.0/mongodb-driver-core-3.3.0.jar:/home/mahanthi/.m2/repository/org/apache/httpcomponents/httpclient/4.5.2/httpclient-4.5.2.jar:/home/mahanthi/.m2/repository/org/apache/httpcomponents/httpcore/4.4.4/httpcore-4.4.4.jar:/home/mahanthi/.m2/repository/commons-logging/commons-logging/1.2/commons-logging-1.2.jar:/home/mahanthi/.m2/repository/org/apache/httpcomponents/httpmime/4.5.2/httpmime-4.5.2.jar:/home/mahanthi/.m2/repository/io/qameta/allure/allure-testng/2.12.0/allure-testng-2.12.0.jar:/home/mahanthi/.m2/repository/io/qameta/allure/allure-java-commons/2.12.0/allure-java-commons-2.12.0.jar:/home/mahanthi/.m2/repository/io/qameta/allure/allure-model/2.12.0/allure-model-2.12.0.jar:/home/mahanthi/.m2/repository/com/fasterxml/jackson/core/jackson-databind/2.9.8/jackson-databind-2.9.8.jar:/home/mahanthi/.m2/repository/com/fasterxml/jackson/core/jackson-annotations/2.9.0/jackson-annotations-2.9.0.jar:/home/mahanthi/.m2/repository/com/fasterxml/jackson/core/jackson-core/2.9.8/jackson-core-2.9.8.jar:/home/mahanthi/.m2/repository/org/apache/tika/tika-core/1.20/tika-core-1.20.jar:/home/mahanthi/.m2/repository/org/jooq/joor-java-8/0.9.10/joor-java-8-0.9.10.jar:"/>
    <property name="java.vm.vendor" value="Private Build"/>
    <property name="sun.arch.data.model" value="64"/>
    <property name="java.vendor.url" value="http://java.oracle.com/"/>
    <property name="user.timezone" value="Europe/Berlin"/>
    <property name="java.vm.specification.version" value="1.8"/>
    <property name="os.name" value="Linux"/>
    <property name="user.country" value="US"/>
    <property name="sun.java.launcher" value="SUN_STANDARD"/>
    <property name="sun.boot.library.path" value="/usr/lib/jvm/java-8-openjdk-amd64/jre/lib/amd64"/>
    <property name="sun.java.command" value="/home/mahanthi/Developer/java/selenium/training/PmFramework/target/surefire/surefirebooter8687726183531893657.jar /home/mahanthi/Developer/java/selenium/training/PmFramework/target/surefire 2021-07-13T21-13-23_174-jvmRun1 surefire7261797129000150076tmp surefire_06317649577413629859tmp"/>
    <property name="surefire.test.class.path" value="/home/mahanthi/Developer/java/selenium/training/PmFramework/target/test-classes:/home/mahanthi/Developer/java/selenium/training/PmFramework/target/classes:/home/mahanthi/.m2/repository/org/seleniumhq/selenium/selenium-java/3.141.59/selenium-java-3.141.59.jar:/home/mahanthi/.m2/repository/org/seleniumhq/selenium/selenium-api/3.141.59/selenium-api-3.141.59.jar:/home/mahanthi/.m2/repository/org/seleniumhq/selenium/selenium-chrome-driver/3.141.59/selenium-chrome-driver-3.141.59.jar:/home/mahanthi/.m2/repository/org/seleniumhq/selenium/selenium-edge-driver/3.141.59/selenium-edge-driver-3.141.59.jar:/home/mahanthi/.m2/repository/org/seleniumhq/selenium/selenium-firefox-driver/3.141.59/selenium-firefox-driver-3.141.59.jar:/home/mahanthi/.m2/repository/org/seleniumhq/selenium/selenium-ie-driver/3.141.59/selenium-ie-driver-3.141.59.jar:/home/mahanthi/.m2/repository/org/seleniumhq/selenium/selenium-opera-driver/3.141.59/selenium-opera-driver-3.141.59.jar:/home/mahanthi/.m2/repository/org/seleniumhq/selenium/selenium-remote-driver/3.141.59/selenium-remote-driver-3.141.59.jar:/home/mahanthi/.m2/repository/org/seleniumhq/selenium/selenium-safari-driver/3.141.59/selenium-safari-driver-3.141.59.jar:/home/mahanthi/.m2/repository/org/seleniumhq/selenium/selenium-support/3.141.59/selenium-support-3.141.59.jar:/home/mahanthi/.m2/repository/net/bytebuddy/byte-buddy/1.8.15/byte-buddy-1.8.15.jar:/home/mahanthi/.m2/repository/org/apache/commons/commons-exec/1.3/commons-exec-1.3.jar:/home/mahanthi/.m2/repository/com/google/guava/guava/25.0-jre/guava-25.0-jre.jar:/home/mahanthi/.m2/repository/com/google/code/findbugs/jsr305/1.3.9/jsr305-1.3.9.jar:/home/mahanthi/.m2/repository/org/checkerframework/checker-compat-qual/2.0.0/checker-compat-qual-2.0.0.jar:/home/mahanthi/.m2/repository/com/google/errorprone/error_prone_annotations/2.1.3/error_prone_annotations-2.1.3.jar:/home/mahanthi/.m2/repository/com/google/j2objc/j2objc-annotations/1.1/j2objc-annotations-1.1.jar:/home/mahanthi/.m2/repository/org/codehaus/mojo/animal-sniffer-annotations/1.14/animal-sniffer-annotations-1.14.jar:/home/mahanthi/.m2/repository/com/squareup/okhttp3/okhttp/3.11.0/okhttp-3.11.0.jar:/home/mahanthi/.m2/repository/com/squareup/okio/okio/1.14.0/okio-1.14.0.jar:/home/mahanthi/.m2/repository/io/github/bonigarcia/webdrivermanager/4.4.3/webdrivermanager-4.4.3.jar:/home/mahanthi/.m2/repository/org/slf4j/slf4j-api/1.7.30/slf4j-api-1.7.30.jar:/home/mahanthi/.m2/repository/commons-io/commons-io/2.8.0/commons-io-2.8.0.jar:/home/mahanthi/.m2/repository/com/google/code/gson/gson/2.8.6/gson-2.8.6.jar:/home/mahanthi/.m2/repository/org/apache/commons/commons-lang3/3.12.0/commons-lang3-3.12.0.jar:/home/mahanthi/.m2/repository/org/apache/httpcomponents/client5/httpclient5/5.0.3/httpclient5-5.0.3.jar:/home/mahanthi/.m2/repository/org/apache/httpcomponents/core5/httpcore5/5.0.2/httpcore5-5.0.2.jar:/home/mahanthi/.m2/repository/org/apache/httpcomponents/core5/httpcore5-h2/5.0.2/httpcore5-h2-5.0.2.jar:/home/mahanthi/.m2/repository/commons-codec/commons-codec/1.13/commons-codec-1.13.jar:/home/mahanthi/.m2/repository/org/rauschig/jarchivelib/1.1.0/jarchivelib-1.1.0.jar:/home/mahanthi/.m2/repository/org/apache/commons/commons-compress/1.20/commons-compress-1.20.jar:/home/mahanthi/.m2/repository/org/jsoup/jsoup/1.13.1/jsoup-1.13.1.jar:/home/mahanthi/.m2/repository/org/testng/testng/6.14.3/testng-6.14.3.jar:/home/mahanthi/.m2/repository/com/beust/jcommander/1.72/jcommander-1.72.jar:/home/mahanthi/.m2/repository/org/apache-extras/beanshell/bsh/2.0b6/bsh-2.0b6.jar:/home/mahanthi/.m2/repository/org/apache/poi/poi-ooxml/3.9/poi-ooxml-3.9.jar:/home/mahanthi/.m2/repository/org/apache/poi/poi/3.9/poi-3.9.jar:/home/mahanthi/.m2/repository/dom4j/dom4j/1.6.1/dom4j-1.6.1.jar:/home/mahanthi/.m2/repository/xml-apis/xml-apis/1.0.b2/xml-apis-1.0.b2.jar:/home/mahanthi/.m2/repository/org/apache/poi/poi-ooxml-schemas/3.9/poi-ooxml-schemas-3.9.jar:/home/mahanthi/.m2/repository/org/apache/xmlbeans/xmlbeans/2.3.0/xmlbeans-2.3.0.jar:/home/mahanthi/.m2/repository/stax/stax-api/1.0.1/stax-api-1.0.1.jar:/home/mahanthi/.m2/repository/org/apache/poi/poi-scratchpad/3.9/poi-scratchpad-3.9.jar:/home/mahanthi/.m2/repository/org/apache/poi/ooxml-schemas/1.1/ooxml-schemas-1.1.jar:/home/mahanthi/.m2/repository/org/apache/poi/openxml4j/1.0-beta/openxml4j-1.0-beta.jar:/home/mahanthi/.m2/repository/log4j/log4j/1.2.8/log4j-1.2.8.jar:/home/mahanthi/.m2/repository/com/aventstack/extentreports/3.1.5/extentreports-3.1.5.jar:/home/mahanthi/.m2/repository/org/freemarker/freemarker/2.3.23/freemarker-2.3.23.jar:/home/mahanthi/.m2/repository/org/mongodb/mongodb-driver/3.3.0/mongodb-driver-3.3.0.jar:/home/mahanthi/.m2/repository/org/mongodb/bson/3.3.0/bson-3.3.0.jar:/home/mahanthi/.m2/repository/org/mongodb/mongodb-driver-core/3.3.0/mongodb-driver-core-3.3.0.jar:/home/mahanthi/.m2/repository/org/apache/httpcomponents/httpclient/4.5.2/httpclient-4.5.2.jar:/home/mahanthi/.m2/repository/org/apache/httpcomponents/httpcore/4.4.4/httpcore-4.4.4.jar:/home/mahanthi/.m2/repository/commons-logging/commons-logging/1.2/commons-logging-1.2.jar:/home/mahanthi/.m2/repository/org/apache/httpcomponents/httpmime/4.5.2/httpmime-4.5.2.jar:/home/mahanthi/.m2/repository/io/qameta/allure/allure-testng/2.12.0/allure-testng-2.12.0.jar:/home/mahanthi/.m2/repository/io/qameta/allure/allure-java-commons/2.12.0/allure-java-commons-2.12.0.jar:/home/mahanthi/.m2/repository/io/qameta/allure/allure-model/2.12.0/allure-model-2.12.0.jar:/home/mahanthi/.m2/repository/com/fasterxml/jackson/core/jackson-databind/2.9.8/jackson-databind-2.9.8.jar:/home/mahanthi/.m2/repository/com/fasterxml/jackson/core/jackson-annotations/2.9.0/jackson-annotations-2.9.0.jar:/home/mahanthi/.m2/repository/com/fasterxml/jackson/core/jackson-core/2.9.8/jackson-core-2.9.8.jar:/home/mahanthi/.m2/repository/org/apache/tika/tika-core/1.20/tika-core-1.20.jar:/home/mahanthi/.m2/repository/org/jooq/joor-java-8/0.9.10/joor-java-8-0.9.10.jar:"/>
    <property name="sun.cpu.endian" value="little"/>
    <property name="user.home" value="/home/mahanthi"/>
    <property name="user.language" value="en"/>
    <property name="java.specification.vendor" value="Oracle Corporation"/>
    <property name="java.home" value="/usr/lib/jvm/java-8-openjdk-amd64/jre"/>
    <property name="basedir" value="/home/mahanthi/Developer/java/selenium/training/PmFramework"/>
    <property name="file.separator" value="/"/>
    <property name="line.separator" value="&#10;"/>
    <property name="java.vm.specification.vendor" value="Oracle Corporation"/>
    <property name="java.specification.name" value="Java Platform API Specification"/>
    <property name="java.awt.graphicsenv" value="sun.awt.X11GraphicsEnvironment"/>
    <property name="surefire.real.class.path" value="/home/mahanthi/Developer/java/selenium/training/PmFramework/target/surefire/surefirebooter8687726183531893657.jar:/home/mahanthi/.m2/repository/org/aspectj/aspectjweaver/1.9.5/aspectjweaver-1.9.5.jar"/>
    <property name="sun.boot.class.path" value="/usr/lib/jvm/java-8-openjdk-amd64/jre/lib/resources.jar:/usr/lib/jvm/java-8-openjdk-amd64/jre/lib/rt.jar:/usr/lib/jvm/java-8-openjdk-amd64/jre/lib/sunrsasign.jar:/usr/lib/jvm/java-8-openjdk-amd64/jre/lib/jsse.jar:/usr/lib/jvm/java-8-openjdk-amd64/jre/lib/jce.jar:/usr/lib/jvm/java-8-openjdk-amd64/jre/lib/charsets.jar:/usr/lib/jvm/java-8-openjdk-amd64/jre/lib/jfr.jar:/usr/lib/jvm/java-8-openjdk-amd64/jre/classes"/>
    <property name="sun.management.compiler" value="HotSpot 64-Bit Tiered Compilers"/>
    <property name="java.runtime.version" value="1.8.0_292-8u292-b10-0ubuntu1~20.04-b10"/>
    <property name="user.name" value="mahanthi"/>
    <property name="path.separator" value=":"/>
    <property name="os.version" value="5.8.0-59-generic"/>
    <property name="java.endorsed.dirs" value="/usr/lib/jvm/java-8-openjdk-amd64/jre/lib/endorsed"/>
    <property name="java.runtime.name" value="OpenJDK Runtime Environment"/>
    <property name="file.encoding" value="UTF-8"/>
    <property name="java.vm.name" value="OpenJDK 64-Bit Server VM"/>
    <property name="localRepository" value="/home/mahanthi/.m2/repository"/>
    <property name="java.vendor.url.bug" value="http://bugreport.sun.com/bugreport/"/>
    <property name="java.io.tmpdir" value="/tmp"/>
    <property name="java.version" value="1.8.0_292"/>
    <property name="user.dir" value="/home/mahanthi/Developer/java/selenium/training/PmFramework"/>
    <property name="os.arch" value="amd64"/>
    <property name="java.vm.specification.name" value="Java Virtual Machine Specification"/>
    <property name="java.awt.printerjob" value="sun.print.PSPrinterJob"/>
    <property name="sun.os.patch.level" value="unknown"/>
    <property name="java.library.path" value="/usr/java/packages/lib/amd64:/usr/lib/x86_64-linux-gnu/jni:/lib/x86_64-linux-gnu:/usr/lib/x86_64-linux-gnu:/usr/lib/jni:/lib:/usr/lib"/>
    <property name="java.vm.info" value="mixed mode"/>
    <property name="java.vendor" value="Private Build"/>
    <property name="java.vm.version" value="25.292-b10"/>
    <property name="java.ext.dirs" value="/usr/lib/jvm/java-8-openjdk-amd64/jre/lib/ext:/usr/java/packages/lib/ext"/>
    <property name="sun.io.unicode.encoding" value="UnicodeLittle"/>
    <property name="java.class.version" value="52.0"/>
  </properties>
  <testcase name="forgotPwdLinkTest" classname="com.qa.opencart.tests.LoginPageTest" time="0.502">
    <system-out><![CDATA[...
... TestNG 6.14.3 by Cédric Beust (cedric@beust.com)
...

Test Suite started!
I am in onStart method Open Cart Login Page Test
Running on Environment PROD env
Browser name is :chrome
forgotPwdLinkTest started!
I am in onTestStart method forgotPwdLinkTest start
]]></system-out>
    <system-err><![CDATA[SLF4J: Failed to load class "org.slf4j.impl.StaticLoggerBinder".
SLF4J: Defaulting to no-operation (NOP) logger implementation
SLF4J: See http://www.slf4j.org/codes.html#StaticLoggerBinder for further details.
Starting ChromeDriver 91.0.4472.101 (af52a90bf87030dd1523486a1cd3ae25c5d76c9b-refs/branch-heads/4472@{#1462}) on port 24099
Only local connections are allowed.
Please see https://chromedriver.chromium.org/security-considerations for suggestions on keeping ChromeDriver safe.
ChromeDriver was started successfully.
Jul 13, 2021 9:13:25 PM org.openqa.selenium.remote.ProtocolHandshake createSession
INFO: Detected dialect: W3C
]]></system-err>
  </testcase>
  <testcase name="loginPageTitleTest" classname="com.qa.opencart.tests.LoginPageTest" time="0.022">
    <system-out><![CDATA[forgotPwdLinkTest passed!
I am in onTestSuccess method forgotPwdLinkTest succeed
loginPageTitleTest started!
I am in onTestStart method loginPageTitleTest start
Login page Title is: Account Login
]]></system-out>
  </testcase>
  <testcase name="loginTest" classname="com.qa.opencart.tests.LoginPageTest" time="3.195">
    <system-out><![CDATA[loginPageTitleTest passed!
I am in onTestSuccess method loginPageTitleTest succeed
loginTest started!
I am in onTestStart method loginTest start
Login with:naveenanimation20@gmail.com : Selenium12345
]]></system-out>
  </testcase>
  <testcase name="LogoutlinkTest" classname="com.qa.opencart.tests.AccountsPageTest" time="0.465">
    <system-out><![CDATA[loginTest passed!
I am in onTestSuccess method loginTest succeed
Test Suite is ending!
I am in onFinish method Open Cart Login Page Test
Test Suite started!
I am in onStart method Open Cart Accounts Page Test
Running on Environment PROD env
Browser name is :chrome
Login with:naveenanimation20@gmail.com : Selenium12345
LogoutlinkTest started!
I am in onTestStart method LogoutlinkTest start
]]></system-out>
    <system-err><![CDATA[log4j:WARN No appenders could be found for logger (freemarker.cache).
log4j:WARN Please initialize the log4j system properly.
Starting ChromeDriver 91.0.4472.101 (af52a90bf87030dd1523486a1cd3ae25c5d76c9b-refs/branch-heads/4472@{#1462}) on port 16779
Only local connections are allowed.
Please see https://chromedriver.chromium.org/security-considerations for suggestions on keeping ChromeDriver safe.
ChromeDriver was started successfully.
Jul 13, 2021 9:13:33 PM org.openqa.selenium.remote.ProtocolHandshake createSession
INFO: Detected dialect: W3C
]]></system-err>
  </testcase>
  <testcase name="accPageSectionsListTest" classname="com.qa.opencart.tests.AccountsPageTest" time="0.144">
    <system-out><![CDATA[LogoutlinkTest passed!
I am in onTestSuccess method LogoutlinkTest succeed
accPageSectionsListTest started!
I am in onTestStart method accPageSectionsListTest start
Accounts Section List[My Account, My Orders, My Affiliate Account, Newsletter]
]]></system-out>
  </testcase>
  <testcase name="accountsPageTitleTest" classname="com.qa.opencart.tests.AccountsPageTest" time="0.005">
    <system-out><![CDATA[accPageSectionsListTest passed!
I am in onTestSuccess method accPageSectionsListTest succeed
accountsPageTitleTest started!
I am in onTestStart method accountsPageTitleTest start
 Accounts page title is :My Account
]]></system-out>
  </testcase>
  <testcase name="headerTest" classname="com.qa.opencart.tests.AccountsPageTest" time="0.448">
    <system-out><![CDATA[accountsPageTitleTest passed!
I am in onTestSuccess method accountsPageTitleTest succeed
headerTest started!
I am in onTestStart method headerTest start
]]></system-out>
  </testcase>
  <testcase name="searchExistTest" classname="com.qa.opencart.tests.AccountsPageTest" time="0.454">
    <system-out><![CDATA[headerTest passed!
I am in onTestSuccess method headerTest succeed
searchExistTest started!
I am in onTestStart method searchExistTest start
]]></system-out>
  </testcase>
</testsuite>