<?xml version="1.0" encoding="UTF-8"?>
<!-- Generated by org.testng.reporters.JUnitReportReporter -->
<testsuite skipped="0" hostname="kanakamedala" name="com.qa.opencart.tests.RegistrationPageTest" tests="6" failures="0" timestamp="27 Jun 2021 20:50:21 GMT" time="17.867" errors="0">
  <testcase name="fillFormTest" time="3.074" classname="com.qa.opencart.tests.RegistrationPageTest"/>
  <testcase name="fillFormTest" time="2.928" classname="com.qa.opencart.tests.RegistrationPageTest"/>
  <testcase name="fillFormTest" time="2.924" classname="com.qa.opencart.tests.RegistrationPageTest"/>
  <testcase name="fillFormTest" time="2.964" classname="com.qa.opencart.tests.RegistrationPageTest"/>
  <testcase name="fillFormTest" time="3.035" classname="com.qa.opencart.tests.RegistrationPageTest"/>
  <testcase name="fillFormTest" time="2.942" classname="com.qa.opencart.tests.RegistrationPageTest"/>
</testsuite> <!-- com.qa.opencart.tests.RegistrationPageTest -->
