<?xml version="1.0" encoding="UTF-8"?>
<!-- Generated by org.testng.reporters.JUnitReportReporter -->
<testsuite skipped="0" hostname="kanakamedala" name="com.qa.opencart.tests.LoginPageTest" tests="3" failures="0" timestamp="13 Jul 2021 19:13:39 GMT" time="3.734" errors="0">
  <testcase name="loginPageTitleTest" time="0.021" classname="com.qa.opencart.tests.LoginPageTest"/>
  <testcase name="forgotPwdLinkTest" time="0.518" classname="com.qa.opencart.tests.LoginPageTest"/>
  <testcase name="loginTest" time="3.195" classname="com.qa.opencart.tests.LoginPageTest"/>
</testsuite> <!-- com.qa.opencart.tests.LoginPageTest -->
