<?xml version="1.0" encoding="UTF-8"?>
<!-- Generated by org.testng.reporters.JUnitReportReporter -->
<testsuite skipped="0" hostname="kanakamedala" name="com.qa.opencart.tests.AccountsPageTest" tests="5" failures="0" timestamp="13 Jul 2021 19:13:39 GMT" time="1.520" errors="0">
  <testcase name="accPageSectionsListTest" time="0.143" classname="com.qa.opencart.tests.AccountsPageTest"/>
  <testcase name="headerTest" time="0.448" classname="com.qa.opencart.tests.AccountsPageTest"/>
  <testcase name="searchExistTest" time="0.453" classname="com.qa.opencart.tests.AccountsPageTest"/>
  <testcase name="accountsPageTitleTest" time="0.005" classname="com.qa.opencart.tests.AccountsPageTest"/>
  <testcase name="LogoutlinkTest" time="0.471" classname="com.qa.opencart.tests.AccountsPageTest"/>
</testsuite> <!-- com.qa.opencart.tests.AccountsPageTest -->
